Running Gradle task 'assembleDevDebug'...                       
Error: Couldn't resolve the package 'flutter_gen' in 'package:flutter_gen/gen_l10n/app_localizations.dart'.
lib/app.dart:4:8: Error: Not found: 'package:flutter_gen/gen_l10n/app_localizations.dart'
import 'package:flutter_gen/gen_l10n/app_localizations.dart';
       ^
lib/app.dart:25:31: Error: The getter 'AppLocalizations' isn't defined for the type 'App'.
 - 'App' is from 'package:stream_scout/app.dart' ('lib/app.dart').
Try correcting the name to the name of an existing getter, or defining a getter or field named 'AppLocalizations'.
      localizationsDelegates: AppLocalizations.localizationsDelegates,
                              ^^^^^^^^^^^^^^^^
lib/app.dart:26:25: Error: The getter 'AppLocalizations' isn't defined for the type 'App'.
 - 'App' is from 'package:stream_scout/app.dart' ('lib/app.dart').
Try correcting the name to the name of an existing getter, or defining a getter or field named 'AppLocalizations'.
      supportedLocales: AppLocalizations.supportedLocales,
                        ^^^^^^^^^^^^^^^^
Unhandled exception:
FileSystemException(uri=org-dartlang-untranslatable-uri:package%3Aflutter_gen%2Fgen_l10n%2Fapp_localizations.dart; message=StandardFileSystem only supports file:* and data:* URIs)
#0      StandardFileSystem.entityForUri (package:front_end/src/api_prototype/standard_file_system.dart:45)
#1      asFileUri (package:vm/kernel_front_end.dart:1008)
#2      writeDepfile (package:vm/kernel_front_end.dart:1171)
<asynchronous suspension>
#3      FrontendCompiler.compile (package:frontend_server/frontend_server.dart:738)
<asynchronous suspension>
#4      starter (package:frontend_server/starter.dart:102)
<asynchronous suspension>
#5      main (file:///Volumes/Work/s/w/ir/x/w/sdk/pkg/frontend_server/bin/frontend_server_starter.dart:13)
<asynchronous suspension>

Target kernel_snapshot_program failed: Exception


FAILURE: Build failed with an exception.

* What went wrong:
Execution failed for task ':app:compileFlutterBuildDevDebug'.
> Process 'command '/Users/jan.brink/develop/flutter/bin/flutter'' finished with non-zero exit value 1

* Try:
> Run with --stacktrace option to get the stack trace.
> Run with --info or --debug option to get more log output.
> Run with --scan to get full insights.
> Get more help at https://help.gradle.org.

BUILD FAILED in 11s
Running Gradle task 'assembleDevDebug'...                          11.9s
Gradle task assembleDevDebug failed with exit code 1
